2018-08-21 22:06:40 INFO  LogHelper:31 - HHH000204: Processing PersistenceUnitInfo [
	name: DeltaPU
	...]
2018-08-21 22:06:40 INFO  Version:37 - HHH000412: Hibernate Core {5.1.0.Final}
2018-08-21 22:06:40 INFO  Environment:213 - HHH000206: hibernate.properties not found
2018-08-21 22:06:40 INFO  Environment:317 - HHH000021: Bytecode provider name : javassist
2018-08-21 22:06:40 INFO  Version:66 - HCANN000001: Hibernate Commons Annotations {5.0.1.Final}
2018-08-21 22:06:41 INFO  Dialect:156 - HHH000400: Using dialect: org.hibernate.dialect.H2Dialect
2018-08-21 22:06:41 INFO  LobCreatorBuilderImpl:63 - HHH000422: Disabling contextual LOB creation as connection was null
2018-08-21 22:06:42 WARN  connections:71 - HHH10001002: Using Hibernate built-in connection pool (not for production use!)
2018-08-21 22:06:42 INFO  connections:127 - HHH10001005: using driver [org.h2.Driver] at URL [jdbc:h2:mem:jpadelta]
2018-08-21 22:06:42 INFO  connections:136 - HHH10001001: Connection properties: {user=sa}
2018-08-21 22:06:42 INFO  connections:141 - HHH10001003: Autocommit mode: false
2018-08-21 22:06:42 INFO  DriverManagerConnectionProviderImpl:39 - HHH000115: Hibernate connection pool size: 20 (min=1)
2018-08-21 22:06:43 INFO  QueryTranslatorFactoryInitiator:47 - HHH000397: Using ASTQueryTranslatorFactory
2018-08-21 22:07:38 INFO  LogHelper:31 - HHH000204: Processing PersistenceUnitInfo [
	name: DeltaPU
	...]
2018-08-21 22:07:39 INFO  Version:37 - HHH000412: Hibernate Core {5.1.0.Final}
2018-08-21 22:07:39 INFO  Environment:213 - HHH000206: hibernate.properties not found
2018-08-21 22:07:39 INFO  Environment:317 - HHH000021: Bytecode provider name : javassist
2018-08-21 22:07:39 INFO  Version:66 - HCANN000001: Hibernate Commons Annotations {5.0.1.Final}
2018-08-21 22:07:39 INFO  Dialect:156 - HHH000400: Using dialect: org.hibernate.dialect.H2Dialect
2018-08-21 22:07:39 INFO  LobCreatorBuilderImpl:63 - HHH000422: Disabling contextual LOB creation as connection was null
2018-08-21 22:12:50 INFO  LogHelper:31 - HHH000204: Processing PersistenceUnitInfo [
	name: DeltaPU
	...]
2018-08-21 22:12:50 INFO  Version:37 - HHH000412: Hibernate Core {5.1.0.Final}
2018-08-21 22:12:50 INFO  Environment:213 - HHH000206: hibernate.properties not found
2018-08-21 22:12:50 INFO  Environment:317 - HHH000021: Bytecode provider name : javassist
2018-08-21 22:12:51 INFO  Version:66 - HCANN000001: Hibernate Commons Annotations {5.0.1.Final}
2018-08-21 22:12:51 INFO  Dialect:156 - HHH000400: Using dialect: org.hibernate.dialect.H2Dialect
2018-08-21 22:12:51 INFO  LobCreatorBuilderImpl:63 - HHH000422: Disabling contextual LOB creation as connection was null
2018-08-21 22:12:52 WARN  connections:71 - HHH10001002: Using Hibernate built-in connection pool (not for production use!)
2018-08-21 22:12:52 INFO  connections:127 - HHH10001005: using driver [org.h2.Driver] at URL [jdbc:h2:mem:jpadelta]
2018-08-21 22:12:52 INFO  connections:136 - HHH10001001: Connection properties: {user=sa}
2018-08-21 22:12:52 INFO  connections:141 - HHH10001003: Autocommit mode: false
2018-08-21 22:12:52 INFO  DriverManagerConnectionProviderImpl:39 - HHH000115: Hibernate connection pool size: 20 (min=1)
2018-08-21 22:12:52 INFO  InformationExtractorJdbcDatabaseMetaDataImpl:365 - HHH000262: Table not found: Aluno
2018-08-21 22:12:52 INFO  InformationExtractorJdbcDatabaseMetaDataImpl:365 - HHH000262: Table not found: Aluno
2018-08-21 22:12:52 INFO  InformationExtractorJdbcDatabaseMetaDataImpl:365 - HHH000262: Table not found: Aluno
2018-08-21 22:12:52 INFO  InformationExtractorJdbcDatabaseMetaDataImpl:365 - HHH000262: Table not found: Pessoa
2018-08-21 22:12:53 INFO  QueryTranslatorFactoryInitiator:47 - HHH000397: Using ASTQueryTranslatorFactory
2018-08-21 22:21:05 INFO  LogHelper:31 - HHH000204: Processing PersistenceUnitInfo [
	name: DeltaPU
	...]
2018-08-21 22:21:05 INFO  Version:37 - HHH000412: Hibernate Core {5.1.0.Final}
2018-08-21 22:21:05 INFO  Environment:213 - HHH000206: hibernate.properties not found
2018-08-21 22:21:05 INFO  Environment:317 - HHH000021: Bytecode provider name : javassist
2018-08-21 22:21:05 INFO  Version:66 - HCANN000001: Hibernate Commons Annotations {5.0.1.Final}
2018-08-21 22:21:06 INFO  Dialect:156 - HHH000400: Using dialect: org.hibernate.dialect.H2Dialect
2018-08-21 22:21:06 INFO  LobCreatorBuilderImpl:63 - HHH000422: Disabling contextual LOB creation as connection was null
2018-08-21 22:21:07 WARN  connections:71 - HHH10001002: Using Hibernate built-in connection pool (not for production use!)
2018-08-21 22:21:07 INFO  connections:127 - HHH10001005: using driver [org.h2.Driver] at URL [jdbc:h2:mem:jpadelta]
2018-08-21 22:21:07 INFO  connections:136 - HHH10001001: Connection properties: {user=sa}
2018-08-21 22:21:07 INFO  connections:141 - HHH10001003: Autocommit mode: false
2018-08-21 22:21:07 INFO  DriverManagerConnectionProviderImpl:39 - HHH000115: Hibernate connection pool size: 20 (min=1)
2018-08-21 22:21:07 INFO  InformationExtractorJdbcDatabaseMetaDataImpl:365 - HHH000262: Table not found: Aluno
2018-08-21 22:21:07 INFO  InformationExtractorJdbcDatabaseMetaDataImpl:365 - HHH000262: Table not found: Aluno
2018-08-21 22:21:07 INFO  InformationExtractorJdbcDatabaseMetaDataImpl:365 - HHH000262: Table not found: Aluno
2018-08-21 22:21:07 INFO  InformationExtractorJdbcDatabaseMetaDataImpl:365 - HHH000262: Table not found: Pessoa
2018-08-21 22:21:07 INFO  QueryTranslatorFactoryInitiator:47 - HHH000397: Using ASTQueryTranslatorFactory
2018-08-21 22:40:26 INFO  LogHelper:31 - HHH000204: Processing PersistenceUnitInfo [
	name: DeltaPU
	...]
2018-08-21 22:40:26 INFO  Version:37 - HHH000412: Hibernate Core {5.1.0.Final}
2018-08-21 22:40:26 INFO  Environment:213 - HHH000206: hibernate.properties not found
2018-08-21 22:40:26 INFO  Environment:317 - HHH000021: Bytecode provider name : javassist
2018-08-21 22:40:26 INFO  Version:66 - HCANN000001: Hibernate Commons Annotations {5.0.1.Final}
2018-08-21 22:40:26 INFO  Dialect:156 - HHH000400: Using dialect: org.hibernate.dialect.H2Dialect
2018-08-21 22:40:26 INFO  LobCreatorBuilderImpl:63 - HHH000422: Disabling contextual LOB creation as connection was null
2018-08-21 22:40:27 WARN  connections:71 - HHH10001002: Using Hibernate built-in connection pool (not for production use!)
2018-08-21 22:40:27 INFO  connections:127 - HHH10001005: using driver [org.h2.Driver] at URL [jdbc:h2:mem:jpadelta]
2018-08-21 22:40:27 INFO  connections:136 - HHH10001001: Connection properties: {user=sa}
2018-08-21 22:40:27 INFO  connections:141 - HHH10001003: Autocommit mode: false
2018-08-21 22:40:27 INFO  DriverManagerConnectionProviderImpl:39 - HHH000115: Hibernate connection pool size: 20 (min=1)
2018-08-21 22:40:28 INFO  InformationExtractorJdbcDatabaseMetaDataImpl:365 - HHH000262: Table not found: Aluno
2018-08-21 22:40:28 INFO  InformationExtractorJdbcDatabaseMetaDataImpl:365 - HHH000262: Table not found: Aluno
2018-08-21 22:40:28 INFO  InformationExtractorJdbcDatabaseMetaDataImpl:365 - HHH000262: Table not found: Aluno
2018-08-21 22:40:28 INFO  InformationExtractorJdbcDatabaseMetaDataImpl:365 - HHH000262: Table not found: Pessoa
2018-08-21 22:40:28 INFO  QueryTranslatorFactoryInitiator:47 - HHH000397: Using ASTQueryTranslatorFactory
2018-08-21 22:54:19 INFO  LogHelper:31 - HHH000204: Processing PersistenceUnitInfo [
	name: DeltaPU
	...]
2018-08-21 22:54:19 INFO  Version:37 - HHH000412: Hibernate Core {5.1.0.Final}
2018-08-21 22:54:19 INFO  Environment:213 - HHH000206: hibernate.properties not found
2018-08-21 22:54:19 INFO  Environment:317 - HHH000021: Bytecode provider name : javassist
2018-08-21 22:54:19 INFO  Version:66 - HCANN000001: Hibernate Commons Annotations {5.0.1.Final}
2018-08-21 22:54:19 INFO  Dialect:156 - HHH000400: Using dialect: org.hibernate.dialect.H2Dialect
2018-08-21 22:54:19 INFO  LobCreatorBuilderImpl:63 - HHH000422: Disabling contextual LOB creation as connection was null
2018-08-21 22:54:20 WARN  connections:71 - HHH10001002: Using Hibernate built-in connection pool (not for production use!)
2018-08-21 22:54:20 INFO  connections:127 - HHH10001005: using driver [org.h2.Driver] at URL [jdbc:h2:mem:jpadelta]
2018-08-21 22:54:20 INFO  connections:136 - HHH10001001: Connection properties: {user=sa}
2018-08-21 22:54:20 INFO  connections:141 - HHH10001003: Autocommit mode: false
2018-08-21 22:54:20 INFO  DriverManagerConnectionProviderImpl:39 - HHH000115: Hibernate connection pool size: 20 (min=1)
2018-08-21 22:54:20 INFO  InformationExtractorJdbcDatabaseMetaDataImpl:365 - HHH000262: Table not found: Aluno
2018-08-21 22:54:20 INFO  InformationExtractorJdbcDatabaseMetaDataImpl:365 - HHH000262: Table not found: Aluno
2018-08-21 22:54:20 INFO  InformationExtractorJdbcDatabaseMetaDataImpl:365 - HHH000262: Table not found: Aluno
2018-08-21 22:54:20 INFO  InformationExtractorJdbcDatabaseMetaDataImpl:365 - HHH000262: Table not found: Pessoa
2018-08-21 22:54:21 INFO  QueryTranslatorFactoryInitiator:47 - HHH000397: Using ASTQueryTranslatorFactory
2018-08-21 22:54:53 INFO  LogHelper:31 - HHH000204: Processing PersistenceUnitInfo [
	name: DeltaPU
	...]
2018-08-21 22:54:53 INFO  Version:37 - HHH000412: Hibernate Core {5.1.0.Final}
2018-08-21 22:54:53 INFO  Environment:213 - HHH000206: hibernate.properties not found
2018-08-21 22:54:53 INFO  Environment:317 - HHH000021: Bytecode provider name : javassist
2018-08-21 22:54:53 INFO  Version:66 - HCANN000001: Hibernate Commons Annotations {5.0.1.Final}
2018-08-21 22:54:53 INFO  Dialect:156 - HHH000400: Using dialect: org.hibernate.dialect.H2Dialect
2018-08-21 22:54:53 INFO  LobCreatorBuilderImpl:63 - HHH000422: Disabling contextual LOB creation as connection was null
2018-08-21 22:54:54 WARN  connections:71 - HHH10001002: Using Hibernate built-in connection pool (not for production use!)
2018-08-21 22:54:54 INFO  connections:127 - HHH10001005: using driver [org.h2.Driver] at URL [jdbc:h2:mem:jpadelta]
2018-08-21 22:54:54 INFO  connections:136 - HHH10001001: Connection properties: {user=sa}
2018-08-21 22:54:54 INFO  connections:141 - HHH10001003: Autocommit mode: false
2018-08-21 22:54:54 INFO  DriverManagerConnectionProviderImpl:39 - HHH000115: Hibernate connection pool size: 20 (min=1)
2018-08-21 22:54:55 INFO  InformationExtractorJdbcDatabaseMetaDataImpl:365 - HHH000262: Table not found: Aluno
2018-08-21 22:54:55 INFO  InformationExtractorJdbcDatabaseMetaDataImpl:365 - HHH000262: Table not found: Instrutor
2018-08-21 22:54:55 INFO  InformationExtractorJdbcDatabaseMetaDataImpl:365 - HHH000262: Table not found: Aluno
2018-08-21 22:54:55 INFO  InformationExtractorJdbcDatabaseMetaDataImpl:365 - HHH000262: Table not found: Instrutor
2018-08-21 22:54:55 INFO  InformationExtractorJdbcDatabaseMetaDataImpl:365 - HHH000262: Table not found: Aluno
2018-08-21 22:54:55 INFO  InformationExtractorJdbcDatabaseMetaDataImpl:365 - HHH000262: Table not found: Instrutor
2018-08-21 22:54:55 INFO  InformationExtractorJdbcDatabaseMetaDataImpl:365 - HHH000262: Table not found: Pessoa
2018-08-21 22:54:55 INFO  QueryTranslatorFactoryInitiator:47 - HHH000397: Using ASTQueryTranslatorFactory
2018-08-21 23:12:35 INFO  LogHelper:31 - HHH000204: Processing PersistenceUnitInfo [
	name: DeltaPU
	...]
2018-08-21 23:12:35 INFO  Version:37 - HHH000412: Hibernate Core {5.1.0.Final}
2018-08-21 23:12:35 INFO  Environment:213 - HHH000206: hibernate.properties not found
2018-08-21 23:12:35 INFO  Environment:317 - HHH000021: Bytecode provider name : javassist
2018-08-21 23:12:35 INFO  Version:66 - HCANN000001: Hibernate Commons Annotations {5.0.1.Final}
2018-08-21 23:12:36 INFO  Dialect:156 - HHH000400: Using dialect: org.hibernate.dialect.H2Dialect
2018-08-21 23:12:36 INFO  LobCreatorBuilderImpl:63 - HHH000422: Disabling contextual LOB creation as connection was null
2018-08-21 23:12:37 WARN  connections:71 - HHH10001002: Using Hibernate built-in connection pool (not for production use!)
2018-08-21 23:12:37 INFO  connections:127 - HHH10001005: using driver [org.h2.Driver] at URL [jdbc:h2:mem:jpadelta]
2018-08-21 23:12:37 INFO  connections:136 - HHH10001001: Connection properties: {user=sa}
2018-08-21 23:12:37 INFO  connections:141 - HHH10001003: Autocommit mode: false
2018-08-21 23:12:37 INFO  DriverManagerConnectionProviderImpl:39 - HHH000115: Hibernate connection pool size: 20 (min=1)
2018-08-21 23:12:37 INFO  InformationExtractorJdbcDatabaseMetaDataImpl:365 - HHH000262: Table not found: Aluno
2018-08-21 23:12:37 INFO  InformationExtractorJdbcDatabaseMetaDataImpl:365 - HHH000262: Table not found: Instrutor
2018-08-21 23:12:37 INFO  InformationExtractorJdbcDatabaseMetaDataImpl:365 - HHH000262: Table not found: Aluno
2018-08-21 23:12:37 INFO  InformationExtractorJdbcDatabaseMetaDataImpl:365 - HHH000262: Table not found: Instrutor
2018-08-21 23:12:37 INFO  InformationExtractorJdbcDatabaseMetaDataImpl:365 - HHH000262: Table not found: Aluno
2018-08-21 23:12:37 INFO  InformationExtractorJdbcDatabaseMetaDataImpl:365 - HHH000262: Table not found: Instrutor
2018-08-21 23:12:37 INFO  InformationExtractorJdbcDatabaseMetaDataImpl:365 - HHH000262: Table not found: Pessoa
2018-08-21 23:12:37 INFO  QueryTranslatorFactoryInitiator:47 - HHH000397: Using ASTQueryTranslatorFactory
2018-08-21 23:17:37 INFO  LogHelper:31 - HHH000204: Processing PersistenceUnitInfo [
	name: DeltaPU
	...]
2018-08-21 23:17:37 INFO  Version:37 - HHH000412: Hibernate Core {5.1.0.Final}
2018-08-21 23:17:37 INFO  Environment:213 - HHH000206: hibernate.properties not found
2018-08-21 23:17:37 INFO  Environment:317 - HHH000021: Bytecode provider name : javassist
2018-08-21 23:17:38 INFO  Version:66 - HCANN000001: Hibernate Commons Annotations {5.0.1.Final}
2018-08-21 23:17:38 INFO  Dialect:156 - HHH000400: Using dialect: org.hibernate.dialect.H2Dialect
2018-08-21 23:17:39 INFO  LobCreatorBuilderImpl:63 - HHH000422: Disabling contextual LOB creation as connection was null
2018-08-21 23:17:40 WARN  connections:71 - HHH10001002: Using Hibernate built-in connection pool (not for production use!)
2018-08-21 23:17:40 INFO  connections:127 - HHH10001005: using driver [org.h2.Driver] at URL [jdbc:h2:mem:jpadelta]
2018-08-21 23:17:40 INFO  connections:136 - HHH10001001: Connection properties: {user=sa}
2018-08-21 23:17:40 INFO  connections:141 - HHH10001003: Autocommit mode: false
2018-08-21 23:17:40 INFO  DriverManagerConnectionProviderImpl:39 - HHH000115: Hibernate connection pool size: 20 (min=1)
2018-08-21 23:17:40 INFO  InformationExtractorJdbcDatabaseMetaDataImpl:365 - HHH000262: Table not found: Aluno
2018-08-21 23:17:40 INFO  InformationExtractorJdbcDatabaseMetaDataImpl:365 - HHH000262: Table not found: Instrutor
2018-08-21 23:17:40 INFO  InformationExtractorJdbcDatabaseMetaDataImpl:365 - HHH000262: Table not found: Aluno
2018-08-21 23:17:40 INFO  InformationExtractorJdbcDatabaseMetaDataImpl:365 - HHH000262: Table not found: Instrutor
2018-08-21 23:17:40 INFO  InformationExtractorJdbcDatabaseMetaDataImpl:365 - HHH000262: Table not found: Aluno
2018-08-21 23:17:40 INFO  InformationExtractorJdbcDatabaseMetaDataImpl:365 - HHH000262: Table not found: Instrutor
2018-08-21 23:17:40 INFO  InformationExtractorJdbcDatabaseMetaDataImpl:365 - HHH000262: Table not found: Pessoa
2018-08-21 23:17:41 INFO  QueryTranslatorFactoryInitiator:47 - HHH000397: Using ASTQueryTranslatorFactory
2018-08-21 23:26:07 INFO  LogHelper:31 - HHH000204: Processing PersistenceUnitInfo [
	name: DeltaPU
	...]
2018-08-21 23:26:07 INFO  Version:37 - HHH000412: Hibernate Core {5.1.0.Final}
2018-08-21 23:26:07 INFO  Environment:213 - HHH000206: hibernate.properties not found
2018-08-21 23:26:07 INFO  Environment:317 - HHH000021: Bytecode provider name : javassist
2018-08-21 23:26:07 INFO  Version:66 - HCANN000001: Hibernate Commons Annotations {5.0.1.Final}
2018-08-21 23:26:08 INFO  Dialect:156 - HHH000400: Using dialect: org.hibernate.dialect.H2Dialect
2018-08-21 23:26:08 INFO  LobCreatorBuilderImpl:63 - HHH000422: Disabling contextual LOB creation as connection was null
2018-08-21 23:26:09 WARN  connections:71 - HHH10001002: Using Hibernate built-in connection pool (not for production use!)
2018-08-21 23:26:09 INFO  connections:127 - HHH10001005: using driver [org.h2.Driver] at URL [jdbc:h2:mem:jpadelta]
2018-08-21 23:26:09 INFO  connections:136 - HHH10001001: Connection properties: {user=sa}
2018-08-21 23:26:09 INFO  connections:141 - HHH10001003: Autocommit mode: false
2018-08-21 23:26:09 INFO  DriverManagerConnectionProviderImpl:39 - HHH000115: Hibernate connection pool size: 20 (min=1)
2018-08-21 23:26:09 INFO  InformationExtractorJdbcDatabaseMetaDataImpl:365 - HHH000262: Table not found: Aluno
2018-08-21 23:26:09 INFO  InformationExtractorJdbcDatabaseMetaDataImpl:365 - HHH000262: Table not found: Instrutor
2018-08-21 23:26:09 INFO  InformationExtractorJdbcDatabaseMetaDataImpl:365 - HHH000262: Table not found: Aluno
2018-08-21 23:26:09 INFO  InformationExtractorJdbcDatabaseMetaDataImpl:365 - HHH000262: Table not found: Instrutor
2018-08-21 23:26:09 INFO  InformationExtractorJdbcDatabaseMetaDataImpl:365 - HHH000262: Table not found: Aluno
2018-08-21 23:26:09 INFO  InformationExtractorJdbcDatabaseMetaDataImpl:365 - HHH000262: Table not found: Instrutor
2018-08-21 23:26:09 INFO  InformationExtractorJdbcDatabaseMetaDataImpl:365 - HHH000262: Table not found: Pessoa
2018-08-21 23:26:10 INFO  QueryTranslatorFactoryInitiator:47 - HHH000397: Using ASTQueryTranslatorFactory
2018-08-21 23:34:37 INFO  LogHelper:31 - HHH000204: Processing PersistenceUnitInfo [
	name: DeltaPU
	...]
2018-08-21 23:34:37 INFO  Version:37 - HHH000412: Hibernate Core {5.1.0.Final}
2018-08-21 23:34:37 INFO  Environment:213 - HHH000206: hibernate.properties not found
2018-08-21 23:34:37 INFO  Environment:317 - HHH000021: Bytecode provider name : javassist
2018-08-21 23:34:37 INFO  Version:66 - HCANN000001: Hibernate Commons Annotations {5.0.1.Final}
2018-08-21 23:34:37 INFO  Dialect:156 - HHH000400: Using dialect: org.hibernate.dialect.H2Dialect
2018-08-21 23:34:38 INFO  LobCreatorBuilderImpl:63 - HHH000422: Disabling contextual LOB creation as connection was null
2018-08-21 23:34:39 WARN  connections:71 - HHH10001002: Using Hibernate built-in connection pool (not for production use!)
2018-08-21 23:34:39 INFO  connections:127 - HHH10001005: using driver [org.h2.Driver] at URL [jdbc:h2:mem:jpadelta]
2018-08-21 23:34:39 INFO  connections:136 - HHH10001001: Connection properties: {user=sa}
2018-08-21 23:34:39 INFO  connections:141 - HHH10001003: Autocommit mode: false
2018-08-21 23:34:39 INFO  DriverManagerConnectionProviderImpl:39 - HHH000115: Hibernate connection pool size: 20 (min=1)
2018-08-21 23:34:39 INFO  InformationExtractorJdbcDatabaseMetaDataImpl:365 - HHH000262: Table not found: Aluno
2018-08-21 23:34:39 INFO  InformationExtractorJdbcDatabaseMetaDataImpl:365 - HHH000262: Table not found: Instrutor
2018-08-21 23:34:39 INFO  InformationExtractorJdbcDatabaseMetaDataImpl:365 - HHH000262: Table not found: Aluno
2018-08-21 23:34:39 INFO  InformationExtractorJdbcDatabaseMetaDataImpl:365 - HHH000262: Table not found: Instrutor
2018-08-21 23:34:39 INFO  InformationExtractorJdbcDatabaseMetaDataImpl:365 - HHH000262: Table not found: Aluno
2018-08-21 23:34:39 INFO  InformationExtractorJdbcDatabaseMetaDataImpl:365 - HHH000262: Table not found: Instrutor
2018-08-21 23:34:39 INFO  InformationExtractorJdbcDatabaseMetaDataImpl:365 - HHH000262: Table not found: Pessoa
2018-08-21 23:34:40 INFO  QueryTranslatorFactoryInitiator:47 - HHH000397: Using ASTQueryTranslatorFactory
2018-08-21 23:42:34 INFO  LogHelper:31 - HHH000204: Processing PersistenceUnitInfo [
	name: DeltaPU
	...]
2018-08-21 23:42:34 INFO  Version:37 - HHH000412: Hibernate Core {5.1.0.Final}
2018-08-21 23:42:34 INFO  Environment:213 - HHH000206: hibernate.properties not found
2018-08-21 23:42:34 INFO  Environment:317 - HHH000021: Bytecode provider name : javassist
2018-08-21 23:42:34 INFO  Version:66 - HCANN000001: Hibernate Commons Annotations {5.0.1.Final}
2018-08-21 23:42:35 INFO  Dialect:156 - HHH000400: Using dialect: org.hibernate.dialect.H2Dialect
2018-08-21 23:42:35 INFO  LobCreatorBuilderImpl:63 - HHH000422: Disabling contextual LOB creation as connection was null
2018-08-21 23:42:36 WARN  connections:71 - HHH10001002: Using Hibernate built-in connection pool (not for production use!)
2018-08-21 23:42:36 INFO  connections:127 - HHH10001005: using driver [org.h2.Driver] at URL [jdbc:h2:mem:jpadelta]
2018-08-21 23:42:36 INFO  connections:136 - HHH10001001: Connection properties: {user=sa}
2018-08-21 23:42:36 INFO  connections:141 - HHH10001003: Autocommit mode: false
2018-08-21 23:42:36 INFO  DriverManagerConnectionProviderImpl:39 - HHH000115: Hibernate connection pool size: 20 (min=1)
2018-08-21 23:42:36 INFO  InformationExtractorJdbcDatabaseMetaDataImpl:365 - HHH000262: Table not found: Aluno
2018-08-21 23:42:36 INFO  InformationExtractorJdbcDatabaseMetaDataImpl:365 - HHH000262: Table not found: Instrutor
2018-08-21 23:42:36 INFO  InformationExtractorJdbcDatabaseMetaDataImpl:365 - HHH000262: Table not found: Aluno
2018-08-21 23:42:36 INFO  InformationExtractorJdbcDatabaseMetaDataImpl:365 - HHH000262: Table not found: Instrutor
2018-08-21 23:42:36 INFO  InformationExtractorJdbcDatabaseMetaDataImpl:365 - HHH000262: Table not found: Aluno
2018-08-21 23:42:36 INFO  InformationExtractorJdbcDatabaseMetaDataImpl:365 - HHH000262: Table not found: Instrutor
2018-08-21 23:42:36 INFO  InformationExtractorJdbcDatabaseMetaDataImpl:365 - HHH000262: Table not found: Pessoa
2018-08-21 23:42:36 INFO  QueryTranslatorFactoryInitiator:47 - HHH000397: Using ASTQueryTranslatorFactory
2018-08-21 23:48:13 INFO  LogHelper:31 - HHH000204: Processing PersistenceUnitInfo [
	name: DeltaPU
	...]
2018-08-21 23:48:13 INFO  Version:37 - HHH000412: Hibernate Core {5.1.0.Final}
2018-08-21 23:48:13 INFO  Environment:213 - HHH000206: hibernate.properties not found
2018-08-21 23:48:13 INFO  Environment:317 - HHH000021: Bytecode provider name : javassist
2018-08-21 23:48:13 INFO  Version:66 - HCANN000001: Hibernate Commons Annotations {5.0.1.Final}
2018-08-21 23:48:13 INFO  Dialect:156 - HHH000400: Using dialect: org.hibernate.dialect.H2Dialect
2018-08-21 23:48:13 INFO  LobCreatorBuilderImpl:63 - HHH000422: Disabling contextual LOB creation as connection was null
2018-08-21 23:48:14 WARN  connections:71 - HHH10001002: Using Hibernate built-in connection pool (not for production use!)
2018-08-21 23:48:14 INFO  connections:127 - HHH10001005: using driver [org.h2.Driver] at URL [jdbc:h2:mem:jpadelta]
2018-08-21 23:48:14 INFO  connections:136 - HHH10001001: Connection properties: {user=sa}
2018-08-21 23:48:14 INFO  connections:141 - HHH10001003: Autocommit mode: false
2018-08-21 23:48:14 INFO  DriverManagerConnectionProviderImpl:39 - HHH000115: Hibernate connection pool size: 20 (min=1)
2018-08-21 23:48:15 INFO  InformationExtractorJdbcDatabaseMetaDataImpl:365 - HHH000262: Table not found: Aluno
2018-08-21 23:48:15 INFO  InformationExtractorJdbcDatabaseMetaDataImpl:365 - HHH000262: Table not found: Instrutor
2018-08-21 23:48:15 INFO  InformationExtractorJdbcDatabaseMetaDataImpl:365 - HHH000262: Table not found: Aluno
2018-08-21 23:48:15 INFO  InformationExtractorJdbcDatabaseMetaDataImpl:365 - HHH000262: Table not found: Instrutor
2018-08-21 23:48:15 INFO  InformationExtractorJdbcDatabaseMetaDataImpl:365 - HHH000262: Table not found: Aluno
2018-08-21 23:48:15 INFO  InformationExtractorJdbcDatabaseMetaDataImpl:365 - HHH000262: Table not found: Instrutor
2018-08-21 23:48:15 INFO  InformationExtractorJdbcDatabaseMetaDataImpl:365 - HHH000262: Table not found: Pessoa
2018-08-21 23:48:15 INFO  QueryTranslatorFactoryInitiator:47 - HHH000397: Using ASTQueryTranslatorFactory
2018-08-21 23:57:26 INFO  LogHelper:31 - HHH000204: Processing PersistenceUnitInfo [
	name: DeltaPU
	...]
2018-08-21 23:57:26 INFO  Version:37 - HHH000412: Hibernate Core {5.1.0.Final}
2018-08-21 23:57:26 INFO  Environment:213 - HHH000206: hibernate.properties not found
2018-08-21 23:57:26 INFO  Environment:317 - HHH000021: Bytecode provider name : javassist
2018-08-21 23:57:26 INFO  Version:66 - HCANN000001: Hibernate Commons Annotations {5.0.1.Final}
2018-08-21 23:57:27 INFO  Dialect:156 - HHH000400: Using dialect: org.hibernate.dialect.H2Dialect
2018-08-21 23:57:27 INFO  LobCreatorBuilderImpl:63 - HHH000422: Disabling contextual LOB creation as connection was null
2018-08-21 23:57:28 WARN  connections:71 - HHH10001002: Using Hibernate built-in connection pool (not for production use!)
2018-08-21 23:57:28 INFO  connections:127 - HHH10001005: using driver [org.h2.Driver] at URL [jdbc:h2:mem:jpadelta]
2018-08-21 23:57:28 INFO  connections:136 - HHH10001001: Connection properties: {user=sa}
2018-08-21 23:57:28 INFO  connections:141 - HHH10001003: Autocommit mode: false
2018-08-21 23:57:28 INFO  DriverManagerConnectionProviderImpl:39 - HHH000115: Hibernate connection pool size: 20 (min=1)
2018-08-21 23:57:28 INFO  InformationExtractorJdbcDatabaseMetaDataImpl:365 - HHH000262: Table not found: Aluno
2018-08-21 23:57:28 INFO  InformationExtractorJdbcDatabaseMetaDataImpl:365 - HHH000262: Table not found: Instrutor
2018-08-21 23:57:28 INFO  InformationExtractorJdbcDatabaseMetaDataImpl:365 - HHH000262: Table not found: Aluno
2018-08-21 23:57:28 INFO  InformationExtractorJdbcDatabaseMetaDataImpl:365 - HHH000262: Table not found: Instrutor
2018-08-21 23:57:28 INFO  InformationExtractorJdbcDatabaseMetaDataImpl:365 - HHH000262: Table not found: Aluno
2018-08-21 23:57:28 INFO  InformationExtractorJdbcDatabaseMetaDataImpl:365 - HHH000262: Table not found: Instrutor
2018-08-21 23:57:28 INFO  InformationExtractorJdbcDatabaseMetaDataImpl:365 - HHH000262: Table not found: Pessoa
2018-08-21 23:57:29 INFO  QueryTranslatorFactoryInitiator:47 - HHH000397: Using ASTQueryTranslatorFactory
2018-08-21 23:57:40 INFO  LogHelper:31 - HHH000204: Processing PersistenceUnitInfo [
	name: DeltaPU
	...]
2018-08-21 23:57:40 INFO  Version:37 - HHH000412: Hibernate Core {5.1.0.Final}
2018-08-21 23:57:40 INFO  Environment:213 - HHH000206: hibernate.properties not found
2018-08-21 23:57:40 INFO  Environment:317 - HHH000021: Bytecode provider name : javassist
2018-08-21 23:57:40 INFO  Version:66 - HCANN000001: Hibernate Commons Annotations {5.0.1.Final}
2018-08-21 23:57:40 INFO  Dialect:156 - HHH000400: Using dialect: org.hibernate.dialect.H2Dialect
2018-08-21 23:57:40 INFO  LobCreatorBuilderImpl:63 - HHH000422: Disabling contextual LOB creation as connection was null
2018-08-21 23:57:41 WARN  connections:71 - HHH10001002: Using Hibernate built-in connection pool (not for production use!)
2018-08-21 23:57:41 INFO  connections:127 - HHH10001005: using driver [org.h2.Driver] at URL [jdbc:h2:mem:jpadelta]
2018-08-21 23:57:41 INFO  connections:136 - HHH10001001: Connection properties: {user=sa}
2018-08-21 23:57:41 INFO  connections:141 - HHH10001003: Autocommit mode: false
2018-08-21 23:57:41 INFO  DriverManagerConnectionProviderImpl:39 - HHH000115: Hibernate connection pool size: 20 (min=1)
2018-08-21 23:57:42 INFO  InformationExtractorJdbcDatabaseMetaDataImpl:365 - HHH000262: Table not found: Aluno
2018-08-21 23:57:42 INFO  InformationExtractorJdbcDatabaseMetaDataImpl:365 - HHH000262: Table not found: Instrutor
2018-08-21 23:57:42 INFO  InformationExtractorJdbcDatabaseMetaDataImpl:365 - HHH000262: Table not found: Aluno
2018-08-21 23:57:42 INFO  InformationExtractorJdbcDatabaseMetaDataImpl:365 - HHH000262: Table not found: Instrutor
2018-08-21 23:57:42 INFO  InformationExtractorJdbcDatabaseMetaDataImpl:365 - HHH000262: Table not found: Aluno
2018-08-21 23:57:42 INFO  InformationExtractorJdbcDatabaseMetaDataImpl:365 - HHH000262: Table not found: Instrutor
2018-08-21 23:57:42 INFO  InformationExtractorJdbcDatabaseMetaDataImpl:365 - HHH000262: Table not found: Pessoa
2018-08-21 23:57:42 INFO  QueryTranslatorFactoryInitiator:47 - HHH000397: Using ASTQueryTranslatorFactory
2018-08-22 00:10:03 INFO  LogHelper:31 - HHH000204: Processing PersistenceUnitInfo [
	name: DeltaPU
	...]
2018-08-22 00:10:04 INFO  Version:37 - HHH000412: Hibernate Core {5.1.0.Final}
2018-08-22 00:10:04 INFO  Environment:213 - HHH000206: hibernate.properties not found
2018-08-22 00:10:04 INFO  Environment:317 - HHH000021: Bytecode provider name : javassist
2018-08-22 00:10:04 INFO  Version:66 - HCANN000001: Hibernate Commons Annotations {5.0.1.Final}
2018-08-22 00:10:04 INFO  Dialect:156 - HHH000400: Using dialect: org.hibernate.dialect.H2Dialect
2018-08-22 00:10:04 INFO  LobCreatorBuilderImpl:63 - HHH000422: Disabling contextual LOB creation as connection was null
2018-08-22 00:10:05 WARN  connections:71 - HHH10001002: Using Hibernate built-in connection pool (not for production use!)
2018-08-22 00:10:05 INFO  connections:127 - HHH10001005: using driver [org.h2.Driver] at URL [jdbc:h2:mem:jpadelta]
2018-08-22 00:10:05 INFO  connections:136 - HHH10001001: Connection properties: {user=sa}
2018-08-22 00:10:05 INFO  connections:141 - HHH10001003: Autocommit mode: false
2018-08-22 00:10:05 INFO  DriverManagerConnectionProviderImpl:39 - HHH000115: Hibernate connection pool size: 20 (min=1)
2018-08-22 00:10:06 INFO  InformationExtractorJdbcDatabaseMetaDataImpl:365 - HHH000262: Table not found: Aluno
2018-08-22 00:10:06 INFO  InformationExtractorJdbcDatabaseMetaDataImpl:365 - HHH000262: Table not found: Instrutor
2018-08-22 00:10:06 INFO  InformationExtractorJdbcDatabaseMetaDataImpl:365 - HHH000262: Table not found: Aluno
2018-08-22 00:10:06 INFO  InformationExtractorJdbcDatabaseMetaDataImpl:365 - HHH000262: Table not found: Instrutor
2018-08-22 00:10:06 INFO  InformationExtractorJdbcDatabaseMetaDataImpl:365 - HHH000262: Table not found: Aluno
2018-08-22 00:10:06 INFO  InformationExtractorJdbcDatabaseMetaDataImpl:365 - HHH000262: Table not found: Instrutor
2018-08-22 00:10:06 INFO  InformationExtractorJdbcDatabaseMetaDataImpl:365 - HHH000262: Table not found: Pessoa
2018-08-22 00:10:06 INFO  QueryTranslatorFactoryInitiator:47 - HHH000397: Using ASTQueryTranslatorFactory
2018-08-22 00:12:38 INFO  LogHelper:31 - HHH000204: Processing PersistenceUnitInfo [
	name: DeltaPU
	...]
2018-08-22 00:12:38 INFO  Version:37 - HHH000412: Hibernate Core {5.1.0.Final}
2018-08-22 00:12:38 INFO  Environment:213 - HHH000206: hibernate.properties not found
2018-08-22 00:12:38 INFO  Environment:317 - HHH000021: Bytecode provider name : javassist
2018-08-22 00:12:38 INFO  Version:66 - HCANN000001: Hibernate Commons Annotations {5.0.1.Final}
2018-08-22 00:12:38 INFO  Dialect:156 - HHH000400: Using dialect: org.hibernate.dialect.H2Dialect
2018-08-22 00:12:39 INFO  LobCreatorBuilderImpl:63 - HHH000422: Disabling contextual LOB creation as connection was null
2018-08-22 00:12:39 WARN  connections:71 - HHH10001002: Using Hibernate built-in connection pool (not for production use!)
2018-08-22 00:12:39 INFO  connections:127 - HHH10001005: using driver [org.h2.Driver] at URL [jdbc:h2:mem:jpadelta]
2018-08-22 00:12:39 INFO  connections:136 - HHH10001001: Connection properties: {user=sa}
2018-08-22 00:12:39 INFO  connections:141 - HHH10001003: Autocommit mode: false
2018-08-22 00:12:39 INFO  DriverManagerConnectionProviderImpl:39 - HHH000115: Hibernate connection pool size: 20 (min=1)
2018-08-22 00:12:40 INFO  InformationExtractorJdbcDatabaseMetaDataImpl:365 - HHH000262: Table not found: Aluno
2018-08-22 00:12:40 INFO  InformationExtractorJdbcDatabaseMetaDataImpl:365 - HHH000262: Table not found: Instrutor
2018-08-22 00:12:40 INFO  InformationExtractorJdbcDatabaseMetaDataImpl:365 - HHH000262: Table not found: Aluno
2018-08-22 00:12:40 INFO  InformationExtractorJdbcDatabaseMetaDataImpl:365 - HHH000262: Table not found: Instrutor
2018-08-22 00:12:40 INFO  InformationExtractorJdbcDatabaseMetaDataImpl:365 - HHH000262: Table not found: Aluno
2018-08-22 00:12:40 INFO  InformationExtractorJdbcDatabaseMetaDataImpl:365 - HHH000262: Table not found: Instrutor
2018-08-22 00:12:40 INFO  InformationExtractorJdbcDatabaseMetaDataImpl:365 - HHH000262: Table not found: Pessoa
2018-08-22 00:12:40 INFO  QueryTranslatorFactoryInitiator:47 - HHH000397: Using ASTQueryTranslatorFactory
2018-08-22 00:27:30 INFO  LogHelper:31 - HHH000204: Processing PersistenceUnitInfo [
	name: DeltaPU
	...]
2018-08-22 00:27:31 INFO  Version:37 - HHH000412: Hibernate Core {5.1.0.Final}
2018-08-22 00:27:31 INFO  Environment:213 - HHH000206: hibernate.properties not found
2018-08-22 00:27:31 INFO  Environment:317 - HHH000021: Bytecode provider name : javassist
2018-08-22 00:27:31 INFO  Version:66 - HCANN000001: Hibernate Commons Annotations {5.0.1.Final}
2018-08-22 00:27:31 INFO  Dialect:156 - HHH000400: Using dialect: org.hibernate.dialect.H2Dialect
2018-08-22 00:27:31 INFO  LobCreatorBuilderImpl:63 - HHH000422: Disabling contextual LOB creation as connection was null
2018-08-22 00:27:32 WARN  connections:71 - HHH10001002: Using Hibernate built-in connection pool (not for production use!)
2018-08-22 00:27:32 INFO  connections:127 - HHH10001005: using driver [org.h2.Driver] at URL [jdbc:h2:mem:jpadelta]
2018-08-22 00:27:32 INFO  connections:136 - HHH10001001: Connection properties: {user=sa}
2018-08-22 00:27:32 INFO  connections:141 - HHH10001003: Autocommit mode: false
2018-08-22 00:27:32 INFO  DriverManagerConnectionProviderImpl:39 - HHH000115: Hibernate connection pool size: 20 (min=1)
2018-08-22 00:27:32 INFO  InformationExtractorJdbcDatabaseMetaDataImpl:365 - HHH000262: Table not found: Aluno
2018-08-22 00:27:32 INFO  InformationExtractorJdbcDatabaseMetaDataImpl:365 - HHH000262: Table not found: Instrutor
2018-08-22 00:27:32 INFO  InformationExtractorJdbcDatabaseMetaDataImpl:365 - HHH000262: Table not found: Aluno
2018-08-22 00:27:32 INFO  InformationExtractorJdbcDatabaseMetaDataImpl:365 - HHH000262: Table not found: Instrutor
2018-08-22 00:27:32 INFO  InformationExtractorJdbcDatabaseMetaDataImpl:365 - HHH000262: Table not found: Aluno
2018-08-22 00:27:32 INFO  InformationExtractorJdbcDatabaseMetaDataImpl:365 - HHH000262: Table not found: Instrutor
2018-08-22 00:27:32 INFO  InformationExtractorJdbcDatabaseMetaDataImpl:365 - HHH000262: Table not found: Pessoa
2018-08-22 00:27:32 INFO  QueryTranslatorFactoryInitiator:47 - HHH000397: Using ASTQueryTranslatorFactory
2018-08-22 00:28:06 INFO  LogHelper:31 - HHH000204: Processing PersistenceUnitInfo [
	name: DeltaPU
	...]
2018-08-22 00:28:06 INFO  Version:37 - HHH000412: Hibernate Core {5.1.0.Final}
2018-08-22 00:28:06 INFO  Environment:213 - HHH000206: hibernate.properties not found
2018-08-22 00:28:06 INFO  Environment:317 - HHH000021: Bytecode provider name : javassist
2018-08-22 00:28:06 INFO  Version:66 - HCANN000001: Hibernate Commons Annotations {5.0.1.Final}
2018-08-22 00:28:07 INFO  Dialect:156 - HHH000400: Using dialect: org.hibernate.dialect.H2Dialect
2018-08-22 00:28:07 INFO  LobCreatorBuilderImpl:63 - HHH000422: Disabling contextual LOB creation as connection was null
2018-08-22 00:28:08 WARN  connections:71 - HHH10001002: Using Hibernate built-in connection pool (not for production use!)
2018-08-22 00:28:08 INFO  connections:127 - HHH10001005: using driver [org.h2.Driver] at URL [jdbc:h2:mem:jpadelta]
2018-08-22 00:28:08 INFO  connections:136 - HHH10001001: Connection properties: {user=sa}
2018-08-22 00:28:08 INFO  connections:141 - HHH10001003: Autocommit mode: false
2018-08-22 00:28:08 INFO  DriverManagerConnectionProviderImpl:39 - HHH000115: Hibernate connection pool size: 20 (min=1)
2018-08-22 00:28:08 INFO  InformationExtractorJdbcDatabaseMetaDataImpl:365 - HHH000262: Table not found: Aluno
2018-08-22 00:28:08 INFO  InformationExtractorJdbcDatabaseMetaDataImpl:365 - HHH000262: Table not found: Instrutor
2018-08-22 00:28:08 INFO  InformationExtractorJdbcDatabaseMetaDataImpl:365 - HHH000262: Table not found: Aluno
2018-08-22 00:28:08 INFO  InformationExtractorJdbcDatabaseMetaDataImpl:365 - HHH000262: Table not found: Instrutor
2018-08-22 00:28:08 INFO  InformationExtractorJdbcDatabaseMetaDataImpl:365 - HHH000262: Table not found: Aluno
2018-08-22 00:28:08 INFO  InformationExtractorJdbcDatabaseMetaDataImpl:365 - HHH000262: Table not found: Instrutor
2018-08-22 00:28:08 INFO  InformationExtractorJdbcDatabaseMetaDataImpl:365 - HHH000262: Table not found: Pessoa
2018-08-22 00:28:08 INFO  QueryTranslatorFactoryInitiator:47 - HHH000397: Using ASTQueryTranslatorFactory
2018-08-22 00:28:50 INFO  LogHelper:31 - HHH000204: Processing PersistenceUnitInfo [
	name: DeltaPU
	...]
2018-08-22 00:28:50 INFO  Version:37 - HHH000412: Hibernate Core {5.1.0.Final}
2018-08-22 00:28:50 INFO  Environment:213 - HHH000206: hibernate.properties not found
2018-08-22 00:28:50 INFO  Environment:317 - HHH000021: Bytecode provider name : javassist
2018-08-22 00:28:50 INFO  Version:66 - HCANN000001: Hibernate Commons Annotations {5.0.1.Final}
2018-08-22 00:28:51 INFO  Dialect:156 - HHH000400: Using dialect: org.hibernate.dialect.H2Dialect
2018-08-22 00:28:51 INFO  LobCreatorBuilderImpl:63 - HHH000422: Disabling contextual LOB creation as connection was null
2018-08-22 00:28:52 WARN  connections:71 - HHH10001002: Using Hibernate built-in connection pool (not for production use!)
2018-08-22 00:28:52 INFO  connections:127 - HHH10001005: using driver [org.h2.Driver] at URL [jdbc:h2:mem:jpadelta]
2018-08-22 00:28:52 INFO  connections:136 - HHH10001001: Connection properties: {user=sa}
2018-08-22 00:28:52 INFO  connections:141 - HHH10001003: Autocommit mode: false
2018-08-22 00:28:52 INFO  DriverManagerConnectionProviderImpl:39 - HHH000115: Hibernate connection pool size: 20 (min=1)
2018-08-22 00:28:52 INFO  InformationExtractorJdbcDatabaseMetaDataImpl:365 - HHH000262: Table not found: Aluno
2018-08-22 00:28:52 INFO  InformationExtractorJdbcDatabaseMetaDataImpl:365 - HHH000262: Table not found: Instrutor
2018-08-22 00:28:52 INFO  InformationExtractorJdbcDatabaseMetaDataImpl:365 - HHH000262: Table not found: Aluno
2018-08-22 00:28:52 INFO  InformationExtractorJdbcDatabaseMetaDataImpl:365 - HHH000262: Table not found: Instrutor
2018-08-22 00:28:52 INFO  InformationExtractorJdbcDatabaseMetaDataImpl:365 - HHH000262: Table not found: Aluno
2018-08-22 00:28:52 INFO  InformationExtractorJdbcDatabaseMetaDataImpl:365 - HHH000262: Table not found: Instrutor
2018-08-22 00:28:52 INFO  InformationExtractorJdbcDatabaseMetaDataImpl:365 - HHH000262: Table not found: Pessoa
2018-08-22 00:28:52 INFO  QueryTranslatorFactoryInitiator:47 - HHH000397: Using ASTQueryTranslatorFactory
2018-08-22 00:29:15 INFO  LogHelper:31 - HHH000204: Processing PersistenceUnitInfo [
	name: DeltaPU
	...]
2018-08-22 00:29:15 INFO  Version:37 - HHH000412: Hibernate Core {5.1.0.Final}
2018-08-22 00:29:15 INFO  Environment:213 - HHH000206: hibernate.properties not found
2018-08-22 00:29:15 INFO  Environment:317 - HHH000021: Bytecode provider name : javassist
2018-08-22 00:29:15 INFO  Version:66 - HCANN000001: Hibernate Commons Annotations {5.0.1.Final}
2018-08-22 00:29:16 INFO  Dialect:156 - HHH000400: Using dialect: org.hibernate.dialect.H2Dialect
2018-08-22 00:29:16 INFO  LobCreatorBuilderImpl:63 - HHH000422: Disabling contextual LOB creation as connection was null
2018-08-22 00:29:16 WARN  connections:71 - HHH10001002: Using Hibernate built-in connection pool (not for production use!)
2018-08-22 00:29:16 INFO  connections:127 - HHH10001005: using driver [org.h2.Driver] at URL [jdbc:h2:mem:jpadelta]
2018-08-22 00:29:16 INFO  connections:136 - HHH10001001: Connection properties: {user=sa}
2018-08-22 00:29:16 INFO  connections:141 - HHH10001003: Autocommit mode: false
2018-08-22 00:29:16 INFO  DriverManagerConnectionProviderImpl:39 - HHH000115: Hibernate connection pool size: 20 (min=1)
2018-08-22 00:29:17 INFO  InformationExtractorJdbcDatabaseMetaDataImpl:365 - HHH000262: Table not found: Aluno
2018-08-22 00:29:17 INFO  InformationExtractorJdbcDatabaseMetaDataImpl:365 - HHH000262: Table not found: Instrutor
2018-08-22 00:29:17 INFO  InformationExtractorJdbcDatabaseMetaDataImpl:365 - HHH000262: Table not found: tb_veiculo
2018-08-22 00:29:17 INFO  InformationExtractorJdbcDatabaseMetaDataImpl:365 - HHH000262: Table not found: Aluno
2018-08-22 00:29:17 INFO  InformationExtractorJdbcDatabaseMetaDataImpl:365 - HHH000262: Table not found: Instrutor
2018-08-22 00:29:17 INFO  InformationExtractorJdbcDatabaseMetaDataImpl:365 - HHH000262: Table not found: tb_veiculo
2018-08-22 00:29:17 INFO  InformationExtractorJdbcDatabaseMetaDataImpl:365 - HHH000262: Table not found: Aluno
2018-08-22 00:29:17 INFO  InformationExtractorJdbcDatabaseMetaDataImpl:365 - HHH000262: Table not found: Instrutor
2018-08-22 00:29:17 INFO  InformationExtractorJdbcDatabaseMetaDataImpl:365 - HHH000262: Table not found: Pessoa
2018-08-22 00:29:17 INFO  InformationExtractorJdbcDatabaseMetaDataImpl:365 - HHH000262: Table not found: tb_veiculo
2018-08-22 00:29:17 INFO  QueryTranslatorFactoryInitiator:47 - HHH000397: Using ASTQueryTranslatorFactory
2018-08-22 00:34:00 INFO  LogHelper:31 - HHH000204: Processing PersistenceUnitInfo [
	name: DeltaPU
	...]
2018-08-22 00:34:00 INFO  Version:37 - HHH000412: Hibernate Core {5.1.0.Final}
2018-08-22 00:34:00 INFO  Environment:213 - HHH000206: hibernate.properties not found
2018-08-22 00:34:00 INFO  Environment:317 - HHH000021: Bytecode provider name : javassist
2018-08-22 00:34:00 INFO  Version:66 - HCANN000001: Hibernate Commons Annotations {5.0.1.Final}
2018-08-22 00:34:01 INFO  Dialect:156 - HHH000400: Using dialect: org.hibernate.dialect.H2Dialect
2018-08-22 00:34:01 INFO  LobCreatorBuilderImpl:63 - HHH000422: Disabling contextual LOB creation as connection was null
2018-08-22 00:34:02 WARN  connections:71 - HHH10001002: Using Hibernate built-in connection pool (not for production use!)
2018-08-22 00:34:02 INFO  connections:127 - HHH10001005: using driver [org.h2.Driver] at URL [jdbc:h2:mem:jpadelta]
2018-08-22 00:34:02 INFO  connections:136 - HHH10001001: Connection properties: {user=sa}
2018-08-22 00:34:02 INFO  connections:141 - HHH10001003: Autocommit mode: false
2018-08-22 00:34:02 INFO  DriverManagerConnectionProviderImpl:39 - HHH000115: Hibernate connection pool size: 20 (min=1)
2018-08-22 00:34:02 INFO  InformationExtractorJdbcDatabaseMetaDataImpl:365 - HHH000262: Table not found: Aluno
2018-08-22 00:34:02 INFO  InformationExtractorJdbcDatabaseMetaDataImpl:365 - HHH000262: Table not found: Instrutor
2018-08-22 00:34:02 INFO  InformationExtractorJdbcDatabaseMetaDataImpl:365 - HHH000262: Table not found: tb_veiculo
2018-08-22 00:34:02 INFO  InformationExtractorJdbcDatabaseMetaDataImpl:365 - HHH000262: Table not found: Aluno
2018-08-22 00:34:02 INFO  InformationExtractorJdbcDatabaseMetaDataImpl:365 - HHH000262: Table not found: Instrutor
2018-08-22 00:34:02 INFO  InformationExtractorJdbcDatabaseMetaDataImpl:365 - HHH000262: Table not found: tb_veiculo
2018-08-22 00:34:02 INFO  InformationExtractorJdbcDatabaseMetaDataImpl:365 - HHH000262: Table not found: Aluno
2018-08-22 00:34:02 INFO  InformationExtractorJdbcDatabaseMetaDataImpl:365 - HHH000262: Table not found: Instrutor
2018-08-22 00:34:02 INFO  InformationExtractorJdbcDatabaseMetaDataImpl:365 - HHH000262: Table not found: Pessoa
2018-08-22 00:34:02 INFO  InformationExtractorJdbcDatabaseMetaDataImpl:365 - HHH000262: Table not found: tb_veiculo
2018-08-22 00:34:02 INFO  QueryTranslatorFactoryInitiator:47 - HHH000397: Using ASTQueryTranslatorFactory
2018-08-22 00:35:31 INFO  LogHelper:31 - HHH000204: Processing PersistenceUnitInfo [
	name: DeltaPU
	...]
2018-08-22 00:35:31 INFO  Version:37 - HHH000412: Hibernate Core {5.1.0.Final}
2018-08-22 00:35:31 INFO  Environment:213 - HHH000206: hibernate.properties not found
2018-08-22 00:35:31 INFO  Environment:317 - HHH000021: Bytecode provider name : javassist
2018-08-22 00:35:31 INFO  Version:66 - HCANN000001: Hibernate Commons Annotations {5.0.1.Final}
2018-08-22 00:35:31 INFO  Dialect:156 - HHH000400: Using dialect: org.hibernate.dialect.H2Dialect
2018-08-22 00:35:32 INFO  LobCreatorBuilderImpl:63 - HHH000422: Disabling contextual LOB creation as connection was null
2018-08-22 00:35:32 WARN  connections:71 - HHH10001002: Using Hibernate built-in connection pool (not for production use!)
2018-08-22 00:35:32 INFO  connections:127 - HHH10001005: using driver [org.h2.Driver] at URL [jdbc:h2:mem:jpadelta]
2018-08-22 00:35:32 INFO  connections:136 - HHH10001001: Connection properties: {user=sa}
2018-08-22 00:35:32 INFO  connections:141 - HHH10001003: Autocommit mode: false
2018-08-22 00:35:32 INFO  DriverManagerConnectionProviderImpl:39 - HHH000115: Hibernate connection pool size: 20 (min=1)
2018-08-22 00:35:33 INFO  InformationExtractorJdbcDatabaseMetaDataImpl:365 - HHH000262: Table not found: Aluno
2018-08-22 00:35:33 INFO  InformationExtractorJdbcDatabaseMetaDataImpl:365 - HHH000262: Table not found: Instrutor
2018-08-22 00:35:33 INFO  InformationExtractorJdbcDatabaseMetaDataImpl:365 - HHH000262: Table not found: tb_veiculo
2018-08-22 00:35:33 INFO  InformationExtractorJdbcDatabaseMetaDataImpl:365 - HHH000262: Table not found: Aluno
2018-08-22 00:35:33 INFO  InformationExtractorJdbcDatabaseMetaDataImpl:365 - HHH000262: Table not found: Instrutor
2018-08-22 00:35:33 INFO  InformationExtractorJdbcDatabaseMetaDataImpl:365 - HHH000262: Table not found: tb_veiculo
2018-08-22 00:35:33 INFO  InformationExtractorJdbcDatabaseMetaDataImpl:365 - HHH000262: Table not found: Aluno
2018-08-22 00:35:33 INFO  InformationExtractorJdbcDatabaseMetaDataImpl:365 - HHH000262: Table not found: Instrutor
2018-08-22 00:35:33 INFO  InformationExtractorJdbcDatabaseMetaDataImpl:365 - HHH000262: Table not found: Pessoa
2018-08-22 00:35:33 INFO  InformationExtractorJdbcDatabaseMetaDataImpl:365 - HHH000262: Table not found: tb_veiculo
2018-08-22 00:35:33 INFO  QueryTranslatorFactoryInitiator:47 - HHH000397: Using ASTQueryTranslatorFactory
2018-08-22 00:38:20 INFO  LogHelper:31 - HHH000204: Processing PersistenceUnitInfo [
	name: DeltaPU
	...]
2018-08-22 00:38:20 INFO  Version:37 - HHH000412: Hibernate Core {5.1.0.Final}
2018-08-22 00:38:20 INFO  Environment:213 - HHH000206: hibernate.properties not found
2018-08-22 00:38:20 INFO  Environment:317 - HHH000021: Bytecode provider name : javassist
2018-08-22 00:38:20 INFO  Version:66 - HCANN000001: Hibernate Commons Annotations {5.0.1.Final}
2018-08-22 00:38:20 INFO  Dialect:156 - HHH000400: Using dialect: org.hibernate.dialect.H2Dialect
2018-08-22 00:38:20 INFO  LobCreatorBuilderImpl:63 - HHH000422: Disabling contextual LOB creation as connection was null
2018-08-22 00:38:21 WARN  connections:71 - HHH10001002: Using Hibernate built-in connection pool (not for production use!)
2018-08-22 00:38:21 INFO  connections:127 - HHH10001005: using driver [org.h2.Driver] at URL [jdbc:h2:mem:jpadelta]
2018-08-22 00:38:21 INFO  connections:136 - HHH10001001: Connection properties: {user=sa}
2018-08-22 00:38:21 INFO  connections:141 - HHH10001003: Autocommit mode: false
2018-08-22 00:38:21 INFO  DriverManagerConnectionProviderImpl:39 - HHH000115: Hibernate connection pool size: 20 (min=1)
2018-08-22 00:38:21 INFO  InformationExtractorJdbcDatabaseMetaDataImpl:365 - HHH000262: Table not found: Aluno
2018-08-22 00:38:21 INFO  InformationExtractorJdbcDatabaseMetaDataImpl:365 - HHH000262: Table not found: Instrutor
2018-08-22 00:38:21 INFO  InformationExtractorJdbcDatabaseMetaDataImpl:365 - HHH000262: Table not found: tb_veiculo
2018-08-22 00:38:21 INFO  InformationExtractorJdbcDatabaseMetaDataImpl:365 - HHH000262: Table not found: Aluno
2018-08-22 00:38:21 INFO  InformationExtractorJdbcDatabaseMetaDataImpl:365 - HHH000262: Table not found: Instrutor
2018-08-22 00:38:21 INFO  InformationExtractorJdbcDatabaseMetaDataImpl:365 - HHH000262: Table not found: tb_veiculo
2018-08-22 00:38:21 INFO  InformationExtractorJdbcDatabaseMetaDataImpl:365 - HHH000262: Table not found: Aluno
2018-08-22 00:38:21 INFO  InformationExtractorJdbcDatabaseMetaDataImpl:365 - HHH000262: Table not found: Instrutor
2018-08-22 00:38:21 INFO  InformationExtractorJdbcDatabaseMetaDataImpl:365 - HHH000262: Table not found: Pessoa
2018-08-22 00:38:21 INFO  InformationExtractorJdbcDatabaseMetaDataImpl:365 - HHH000262: Table not found: tb_veiculo
2018-08-22 00:39:00 INFO  LogHelper:31 - HHH000204: Processing PersistenceUnitInfo [
	name: DeltaPU
	...]
2018-08-22 00:39:00 INFO  Version:37 - HHH000412: Hibernate Core {5.1.0.Final}
2018-08-22 00:39:00 INFO  Environment:213 - HHH000206: hibernate.properties not found
2018-08-22 00:39:00 INFO  Environment:317 - HHH000021: Bytecode provider name : javassist
2018-08-22 00:39:00 INFO  Version:66 - HCANN000001: Hibernate Commons Annotations {5.0.1.Final}
2018-08-22 00:39:01 INFO  Dialect:156 - HHH000400: Using dialect: org.hibernate.dialect.H2Dialect
2018-08-22 00:39:01 INFO  LobCreatorBuilderImpl:63 - HHH000422: Disabling contextual LOB creation as connection was null
2018-08-22 00:39:01 WARN  connections:71 - HHH10001002: Using Hibernate built-in connection pool (not for production use!)
2018-08-22 00:39:01 INFO  connections:127 - HHH10001005: using driver [org.h2.Driver] at URL [jdbc:h2:mem:jpadelta]
2018-08-22 00:39:01 INFO  connections:136 - HHH10001001: Connection properties: {user=sa}
2018-08-22 00:39:01 INFO  connections:141 - HHH10001003: Autocommit mode: false
2018-08-22 00:39:01 INFO  DriverManagerConnectionProviderImpl:39 - HHH000115: Hibernate connection pool size: 20 (min=1)
2018-08-22 00:39:02 INFO  InformationExtractorJdbcDatabaseMetaDataImpl:365 - HHH000262: Table not found: Aluno
2018-08-22 00:39:02 INFO  InformationExtractorJdbcDatabaseMetaDataImpl:365 - HHH000262: Table not found: Instrutor
2018-08-22 00:39:02 INFO  InformationExtractorJdbcDatabaseMetaDataImpl:365 - HHH000262: Table not found: tb_veiculo
2018-08-22 00:39:02 INFO  InformationExtractorJdbcDatabaseMetaDataImpl:365 - HHH000262: Table not found: Aluno
2018-08-22 00:39:02 INFO  InformationExtractorJdbcDatabaseMetaDataImpl:365 - HHH000262: Table not found: Instrutor
2018-08-22 00:39:02 INFO  InformationExtractorJdbcDatabaseMetaDataImpl:365 - HHH000262: Table not found: tb_veiculo
2018-08-22 00:39:02 INFO  InformationExtractorJdbcDatabaseMetaDataImpl:365 - HHH000262: Table not found: Aluno
2018-08-22 00:39:02 INFO  InformationExtractorJdbcDatabaseMetaDataImpl:365 - HHH000262: Table not found: Instrutor
2018-08-22 00:39:02 INFO  InformationExtractorJdbcDatabaseMetaDataImpl:365 - HHH000262: Table not found: Pessoa
2018-08-22 00:39:02 INFO  InformationExtractorJdbcDatabaseMetaDataImpl:365 - HHH000262: Table not found: tb_veiculo
2018-08-22 00:39:02 INFO  QueryTranslatorFactoryInitiator:47 - HHH000397: Using ASTQueryTranslatorFactory
2018-08-22 00:43:20 INFO  LogHelper:31 - HHH000204: Processing PersistenceUnitInfo [
	name: DeltaPU
	...]
2018-08-22 00:43:20 INFO  Version:37 - HHH000412: Hibernate Core {5.1.0.Final}
2018-08-22 00:43:20 INFO  Environment:213 - HHH000206: hibernate.properties not found
2018-08-22 00:43:20 INFO  Environment:317 - HHH000021: Bytecode provider name : javassist
2018-08-22 00:43:20 INFO  Version:66 - HCANN000001: Hibernate Commons Annotations {5.0.1.Final}
2018-08-22 00:43:21 INFO  Dialect:156 - HHH000400: Using dialect: org.hibernate.dialect.H2Dialect
2018-08-22 00:43:21 INFO  LobCreatorBuilderImpl:63 - HHH000422: Disabling contextual LOB creation as connection was null
2018-08-22 00:43:22 WARN  connections:71 - HHH10001002: Using Hibernate built-in connection pool (not for production use!)
2018-08-22 00:43:22 INFO  connections:127 - HHH10001005: using driver [org.h2.Driver] at URL [jdbc:h2:mem:jpadelta]
2018-08-22 00:43:22 INFO  connections:136 - HHH10001001: Connection properties: {user=sa}
2018-08-22 00:43:22 INFO  connections:141 - HHH10001003: Autocommit mode: false
2018-08-22 00:43:22 INFO  DriverManagerConnectionProviderImpl:39 - HHH000115: Hibernate connection pool size: 20 (min=1)
2018-08-22 00:43:22 INFO  InformationExtractorJdbcDatabaseMetaDataImpl:365 - HHH000262: Table not found: Aluno
2018-08-22 00:43:22 INFO  InformationExtractorJdbcDatabaseMetaDataImpl:365 - HHH000262: Table not found: Instrutor
2018-08-22 00:43:22 INFO  InformationExtractorJdbcDatabaseMetaDataImpl:365 - HHH000262: Table not found: tb_veiculo
2018-08-22 00:43:22 INFO  InformationExtractorJdbcDatabaseMetaDataImpl:365 - HHH000262: Table not found: Aluno
2018-08-22 00:43:22 INFO  InformationExtractorJdbcDatabaseMetaDataImpl:365 - HHH000262: Table not found: Instrutor
2018-08-22 00:43:22 INFO  InformationExtractorJdbcDatabaseMetaDataImpl:365 - HHH000262: Table not found: tb_veiculo
2018-08-22 00:43:22 INFO  InformationExtractorJdbcDatabaseMetaDataImpl:365 - HHH000262: Table not found: Aluno
2018-08-22 00:43:22 INFO  InformationExtractorJdbcDatabaseMetaDataImpl:365 - HHH000262: Table not found: Instrutor
2018-08-22 00:43:22 INFO  InformationExtractorJdbcDatabaseMetaDataImpl:365 - HHH000262: Table not found: Pessoa
2018-08-22 00:43:22 INFO  InformationExtractorJdbcDatabaseMetaDataImpl:365 - HHH000262: Table not found: tb_veiculo
2018-08-22 00:43:22 INFO  QueryTranslatorFactoryInitiator:47 - HHH000397: Using ASTQueryTranslatorFactory
2018-08-22 00:43:41 INFO  LogHelper:31 - HHH000204: Processing PersistenceUnitInfo [
	name: DeltaPU
	...]
2018-08-22 00:43:41 INFO  Version:37 - HHH000412: Hibernate Core {5.1.0.Final}
2018-08-22 00:43:41 INFO  Environment:213 - HHH000206: hibernate.properties not found
2018-08-22 00:43:41 INFO  Environment:317 - HHH000021: Bytecode provider name : javassist
2018-08-22 00:43:41 INFO  Version:66 - HCANN000001: Hibernate Commons Annotations {5.0.1.Final}
2018-08-22 00:43:42 INFO  Dialect:156 - HHH000400: Using dialect: org.hibernate.dialect.H2Dialect
2018-08-22 00:43:42 INFO  LobCreatorBuilderImpl:63 - HHH000422: Disabling contextual LOB creation as connection was null
2018-08-22 00:43:42 WARN  connections:71 - HHH10001002: Using Hibernate built-in connection pool (not for production use!)
2018-08-22 00:43:42 INFO  connections:127 - HHH10001005: using driver [org.h2.Driver] at URL [jdbc:h2:mem:jpadelta]
2018-08-22 00:43:42 INFO  connections:136 - HHH10001001: Connection properties: {user=sa}
2018-08-22 00:43:42 INFO  connections:141 - HHH10001003: Autocommit mode: false
2018-08-22 00:43:42 INFO  DriverManagerConnectionProviderImpl:39 - HHH000115: Hibernate connection pool size: 20 (min=1)
2018-08-22 00:43:43 INFO  InformationExtractorJdbcDatabaseMetaDataImpl:365 - HHH000262: Table not found: Aluno
2018-08-22 00:43:43 INFO  InformationExtractorJdbcDatabaseMetaDataImpl:365 - HHH000262: Table not found: Instrutor
2018-08-22 00:43:43 INFO  InformationExtractorJdbcDatabaseMetaDataImpl:365 - HHH000262: Table not found: tb_veiculo
2018-08-22 00:43:43 INFO  InformationExtractorJdbcDatabaseMetaDataImpl:365 - HHH000262: Table not found: Aluno
2018-08-22 00:43:43 INFO  InformationExtractorJdbcDatabaseMetaDataImpl:365 - HHH000262: Table not found: Instrutor
2018-08-22 00:43:43 INFO  InformationExtractorJdbcDatabaseMetaDataImpl:365 - HHH000262: Table not found: tb_veiculo
2018-08-22 00:43:43 INFO  InformationExtractorJdbcDatabaseMetaDataImpl:365 - HHH000262: Table not found: Aluno
2018-08-22 00:43:43 INFO  InformationExtractorJdbcDatabaseMetaDataImpl:365 - HHH000262: Table not found: Instrutor
2018-08-22 00:43:43 INFO  InformationExtractorJdbcDatabaseMetaDataImpl:365 - HHH000262: Table not found: Pessoa
2018-08-22 00:43:43 INFO  InformationExtractorJdbcDatabaseMetaDataImpl:365 - HHH000262: Table not found: tb_veiculo
2018-08-22 00:43:43 INFO  QueryTranslatorFactoryInitiator:47 - HHH000397: Using ASTQueryTranslatorFactory
2018-08-22 01:05:47 INFO  LogHelper:31 - HHH000204: Processing PersistenceUnitInfo [
	name: DeltaPU
	...]
2018-08-22 01:05:48 INFO  Version:37 - HHH000412: Hibernate Core {5.1.0.Final}
2018-08-22 01:05:48 INFO  Environment:213 - HHH000206: hibernate.properties not found
2018-08-22 01:05:48 INFO  Environment:317 - HHH000021: Bytecode provider name : javassist
2018-08-22 01:05:48 INFO  Version:66 - HCANN000001: Hibernate Commons Annotations {5.0.1.Final}
2018-08-22 01:05:48 INFO  Dialect:156 - HHH000400: Using dialect: org.hibernate.dialect.H2Dialect
2018-08-22 01:05:48 INFO  LobCreatorBuilderImpl:63 - HHH000422: Disabling contextual LOB creation as connection was null
2018-08-22 01:05:49 WARN  connections:71 - HHH10001002: Using Hibernate built-in connection pool (not for production use!)
2018-08-22 01:05:49 INFO  connections:127 - HHH10001005: using driver [org.h2.Driver] at URL [jdbc:h2:mem:jpadelta]
2018-08-22 01:05:49 INFO  connections:136 - HHH10001001: Connection properties: {user=sa}
2018-08-22 01:05:49 INFO  connections:141 - HHH10001003: Autocommit mode: false
2018-08-22 01:05:49 INFO  DriverManagerConnectionProviderImpl:39 - HHH000115: Hibernate connection pool size: 20 (min=1)
2018-08-22 01:05:49 INFO  InformationExtractorJdbcDatabaseMetaDataImpl:365 - HHH000262: Table not found: Aluno
2018-08-22 01:05:49 INFO  InformationExtractorJdbcDatabaseMetaDataImpl:365 - HHH000262: Table not found: Instrutor
2018-08-22 01:05:49 INFO  InformationExtractorJdbcDatabaseMetaDataImpl:365 - HHH000262: Table not found: tb_veiculo
2018-08-22 01:05:49 INFO  InformationExtractorJdbcDatabaseMetaDataImpl:365 - HHH000262: Table not found: Aluno
2018-08-22 01:05:49 INFO  InformationExtractorJdbcDatabaseMetaDataImpl:365 - HHH000262: Table not found: Instrutor
2018-08-22 01:05:49 INFO  InformationExtractorJdbcDatabaseMetaDataImpl:365 - HHH000262: Table not found: tb_veiculo
2018-08-22 01:05:49 INFO  InformationExtractorJdbcDatabaseMetaDataImpl:365 - HHH000262: Table not found: Aluno
2018-08-22 01:05:49 INFO  InformationExtractorJdbcDatabaseMetaDataImpl:365 - HHH000262: Table not found: Instrutor
2018-08-22 01:05:49 INFO  InformationExtractorJdbcDatabaseMetaDataImpl:365 - HHH000262: Table not found: Pessoa
2018-08-22 01:05:49 INFO  InformationExtractorJdbcDatabaseMetaDataImpl:365 - HHH000262: Table not found: tb_veiculo
2018-08-22 01:05:50 INFO  QueryTranslatorFactoryInitiator:47 - HHH000397: Using ASTQueryTranslatorFactory
2018-08-22 01:08:13 INFO  LogHelper:31 - HHH000204: Processing PersistenceUnitInfo [
	name: DeltaPU
	...]
2018-08-22 01:08:13 INFO  Version:37 - HHH000412: Hibernate Core {5.1.0.Final}
2018-08-22 01:08:13 INFO  Environment:213 - HHH000206: hibernate.properties not found
2018-08-22 01:08:13 INFO  Environment:317 - HHH000021: Bytecode provider name : javassist
2018-08-22 01:08:13 INFO  Version:66 - HCANN000001: Hibernate Commons Annotations {5.0.1.Final}
2018-08-22 01:08:14 INFO  Dialect:156 - HHH000400: Using dialect: org.hibernate.dialect.H2Dialect
2018-08-22 01:08:14 INFO  LobCreatorBuilderImpl:63 - HHH000422: Disabling contextual LOB creation as connection was null
2018-08-22 01:08:14 WARN  connections:71 - HHH10001002: Using Hibernate built-in connection pool (not for production use!)
2018-08-22 01:08:14 INFO  connections:127 - HHH10001005: using driver [org.h2.Driver] at URL [jdbc:h2:mem:jpadelta]
2018-08-22 01:08:14 INFO  connections:136 - HHH10001001: Connection properties: {user=sa}
2018-08-22 01:08:14 INFO  connections:141 - HHH10001003: Autocommit mode: false
2018-08-22 01:08:14 INFO  DriverManagerConnectionProviderImpl:39 - HHH000115: Hibernate connection pool size: 20 (min=1)
2018-08-22 01:08:15 INFO  InformationExtractorJdbcDatabaseMetaDataImpl:365 - HHH000262: Table not found: Aluno
2018-08-22 01:08:15 INFO  InformationExtractorJdbcDatabaseMetaDataImpl:365 - HHH000262: Table not found: Instrutor
2018-08-22 01:08:15 INFO  InformationExtractorJdbcDatabaseMetaDataImpl:365 - HHH000262: Table not found: tb_veiculo
2018-08-22 01:08:15 INFO  InformationExtractorJdbcDatabaseMetaDataImpl:365 - HHH000262: Table not found: Aluno
2018-08-22 01:08:15 INFO  InformationExtractorJdbcDatabaseMetaDataImpl:365 - HHH000262: Table not found: Instrutor
2018-08-22 01:08:15 INFO  InformationExtractorJdbcDatabaseMetaDataImpl:365 - HHH000262: Table not found: tb_veiculo
2018-08-22 01:08:15 INFO  InformationExtractorJdbcDatabaseMetaDataImpl:365 - HHH000262: Table not found: Aluno
2018-08-22 01:08:15 INFO  InformationExtractorJdbcDatabaseMetaDataImpl:365 - HHH000262: Table not found: Instrutor
2018-08-22 01:08:15 INFO  InformationExtractorJdbcDatabaseMetaDataImpl:365 - HHH000262: Table not found: Pessoa
2018-08-22 01:08:15 INFO  InformationExtractorJdbcDatabaseMetaDataImpl:365 - HHH000262: Table not found: tb_veiculo
2018-08-22 01:08:15 INFO  QueryTranslatorFactoryInitiator:47 - HHH000397: Using ASTQueryTranslatorFactory
2018-08-22 01:09:11 INFO  LogHelper:31 - HHH000204: Processing PersistenceUnitInfo [
	name: DeltaPU
	...]
2018-08-22 01:09:11 INFO  Version:37 - HHH000412: Hibernate Core {5.1.0.Final}
2018-08-22 01:09:11 INFO  Environment:213 - HHH000206: hibernate.properties not found
2018-08-22 01:09:11 INFO  Environment:317 - HHH000021: Bytecode provider name : javassist
2018-08-22 01:09:11 INFO  Version:66 - HCANN000001: Hibernate Commons Annotations {5.0.1.Final}
2018-08-22 01:09:11 INFO  Dialect:156 - HHH000400: Using dialect: org.hibernate.dialect.H2Dialect
2018-08-22 01:09:11 INFO  LobCreatorBuilderImpl:63 - HHH000422: Disabling contextual LOB creation as connection was null
2018-08-22 01:09:12 WARN  connections:71 - HHH10001002: Using Hibernate built-in connection pool (not for production use!)
2018-08-22 01:09:12 INFO  connections:127 - HHH10001005: using driver [org.h2.Driver] at URL [jdbc:h2:mem:jpadelta]
2018-08-22 01:09:12 INFO  connections:136 - HHH10001001: Connection properties: {user=sa}
2018-08-22 01:09:12 INFO  connections:141 - HHH10001003: Autocommit mode: false
2018-08-22 01:09:12 INFO  DriverManagerConnectionProviderImpl:39 - HHH000115: Hibernate connection pool size: 20 (min=1)
2018-08-22 01:09:13 INFO  InformationExtractorJdbcDatabaseMetaDataImpl:365 - HHH000262: Table not found: Aluno
2018-08-22 01:09:13 INFO  InformationExtractorJdbcDatabaseMetaDataImpl:365 - HHH000262: Table not found: Instrutor
2018-08-22 01:09:13 INFO  InformationExtractorJdbcDatabaseMetaDataImpl:365 - HHH000262: Table not found: tb_veiculo
2018-08-22 01:09:13 INFO  InformationExtractorJdbcDatabaseMetaDataImpl:365 - HHH000262: Table not found: Aluno
2018-08-22 01:09:13 INFO  InformationExtractorJdbcDatabaseMetaDataImpl:365 - HHH000262: Table not found: Instrutor
2018-08-22 01:09:13 INFO  InformationExtractorJdbcDatabaseMetaDataImpl:365 - HHH000262: Table not found: tb_veiculo
2018-08-22 01:09:13 INFO  InformationExtractorJdbcDatabaseMetaDataImpl:365 - HHH000262: Table not found: Aluno
2018-08-22 01:09:13 INFO  InformationExtractorJdbcDatabaseMetaDataImpl:365 - HHH000262: Table not found: Instrutor
2018-08-22 01:09:13 INFO  InformationExtractorJdbcDatabaseMetaDataImpl:365 - HHH000262: Table not found: Pessoa
2018-08-22 01:09:13 INFO  InformationExtractorJdbcDatabaseMetaDataImpl:365 - HHH000262: Table not found: tb_veiculo
2018-08-22 01:09:13 INFO  QueryTranslatorFactoryInitiator:47 - HHH000397: Using ASTQueryTranslatorFactory
2018-08-22 01:09:13 INFO  AbstractBatchImpl:193 - HHH000010: On release of batch it still contained JDBC statements
2018-08-22 01:09:13 INFO  AbstractBatchImpl:193 - HHH000010: On release of batch it still contained JDBC statements
2018-08-22 01:09:14 INFO  AbstractBatchImpl:193 - HHH000010: On release of batch it still contained JDBC statements
2018-08-22 01:09:14 INFO  AbstractBatchImpl:193 - HHH000010: On release of batch it still contained JDBC statements
2018-08-22 01:10:15 INFO  LogHelper:31 - HHH000204: Processing PersistenceUnitInfo [
	name: DeltaPU
	...]
2018-08-22 01:10:16 INFO  Version:37 - HHH000412: Hibernate Core {5.1.0.Final}
2018-08-22 01:10:16 INFO  Environment:213 - HHH000206: hibernate.properties not found
2018-08-22 01:10:16 INFO  Environment:317 - HHH000021: Bytecode provider name : javassist
2018-08-22 01:10:16 INFO  Version:66 - HCANN000001: Hibernate Commons Annotations {5.0.1.Final}
2018-08-22 01:10:16 INFO  Dialect:156 - HHH000400: Using dialect: org.hibernate.dialect.H2Dialect
2018-08-22 01:10:16 INFO  LobCreatorBuilderImpl:63 - HHH000422: Disabling contextual LOB creation as connection was null
2018-08-22 01:10:17 WARN  connections:71 - HHH10001002: Using Hibernate built-in connection pool (not for production use!)
2018-08-22 01:10:17 INFO  connections:127 - HHH10001005: using driver [org.h2.Driver] at URL [jdbc:h2:mem:jpadelta]
2018-08-22 01:10:17 INFO  connections:136 - HHH10001001: Connection properties: {user=sa}
2018-08-22 01:10:17 INFO  connections:141 - HHH10001003: Autocommit mode: false
2018-08-22 01:10:17 INFO  DriverManagerConnectionProviderImpl:39 - HHH000115: Hibernate connection pool size: 20 (min=1)
2018-08-22 01:10:17 INFO  InformationExtractorJdbcDatabaseMetaDataImpl:365 - HHH000262: Table not found: Aluno
2018-08-22 01:10:17 INFO  InformationExtractorJdbcDatabaseMetaDataImpl:365 - HHH000262: Table not found: Instrutor
2018-08-22 01:10:17 INFO  InformationExtractorJdbcDatabaseMetaDataImpl:365 - HHH000262: Table not found: tb_veiculo
2018-08-22 01:10:17 INFO  InformationExtractorJdbcDatabaseMetaDataImpl:365 - HHH000262: Table not found: Aluno
2018-08-22 01:10:17 INFO  InformationExtractorJdbcDatabaseMetaDataImpl:365 - HHH000262: Table not found: Instrutor
2018-08-22 01:10:17 INFO  InformationExtractorJdbcDatabaseMetaDataImpl:365 - HHH000262: Table not found: tb_veiculo
2018-08-22 01:10:17 INFO  InformationExtractorJdbcDatabaseMetaDataImpl:365 - HHH000262: Table not found: Aluno
2018-08-22 01:10:17 INFO  InformationExtractorJdbcDatabaseMetaDataImpl:365 - HHH000262: Table not found: Instrutor
2018-08-22 01:10:17 INFO  InformationExtractorJdbcDatabaseMetaDataImpl:365 - HHH000262: Table not found: Pessoa
2018-08-22 01:10:17 INFO  InformationExtractorJdbcDatabaseMetaDataImpl:365 - HHH000262: Table not found: tb_veiculo
2018-08-22 01:10:18 INFO  QueryTranslatorFactoryInitiator:47 - HHH000397: Using ASTQueryTranslatorFactory
2018-08-22 01:25:58 INFO  LogHelper:31 - HHH000204: Processing PersistenceUnitInfo [
	name: DeltaPU
	...]
2018-08-22 01:25:58 INFO  Version:37 - HHH000412: Hibernate Core {5.1.0.Final}
2018-08-22 01:25:58 INFO  Environment:213 - HHH000206: hibernate.properties not found
2018-08-22 01:25:58 INFO  Environment:317 - HHH000021: Bytecode provider name : javassist
2018-08-22 01:25:58 INFO  Version:66 - HCANN000001: Hibernate Commons Annotations {5.0.1.Final}
2018-08-22 01:25:59 INFO  Dialect:156 - HHH000400: Using dialect: org.hibernate.dialect.H2Dialect
2018-08-22 01:25:59 INFO  LobCreatorBuilderImpl:63 - HHH000422: Disabling contextual LOB creation as connection was null
2018-08-22 01:26:00 WARN  connections:71 - HHH10001002: Using Hibernate built-in connection pool (not for production use!)
2018-08-22 01:26:00 INFO  connections:127 - HHH10001005: using driver [org.h2.Driver] at URL [jdbc:h2:mem:jpadelta]
2018-08-22 01:26:00 INFO  connections:136 - HHH10001001: Connection properties: {user=sa}
2018-08-22 01:26:00 INFO  connections:141 - HHH10001003: Autocommit mode: false
2018-08-22 01:26:00 INFO  DriverManagerConnectionProviderImpl:39 - HHH000115: Hibernate connection pool size: 20 (min=1)
2018-08-22 01:26:00 INFO  InformationExtractorJdbcDatabaseMetaDataImpl:365 - HHH000262: Table not found: Aluno
2018-08-22 01:26:00 INFO  InformationExtractorJdbcDatabaseMetaDataImpl:365 - HHH000262: Table not found: Instrutor
2018-08-22 01:26:00 INFO  InformationExtractorJdbcDatabaseMetaDataImpl:365 - HHH000262: Table not found: tb_veiculo
2018-08-22 01:26:00 INFO  InformationExtractorJdbcDatabaseMetaDataImpl:365 - HHH000262: Table not found: Aluno
2018-08-22 01:26:00 INFO  InformationExtractorJdbcDatabaseMetaDataImpl:365 - HHH000262: Table not found: Instrutor
2018-08-22 01:26:00 INFO  InformationExtractorJdbcDatabaseMetaDataImpl:365 - HHH000262: Table not found: tb_veiculo
2018-08-22 01:26:00 INFO  InformationExtractorJdbcDatabaseMetaDataImpl:365 - HHH000262: Table not found: Aluno
2018-08-22 01:26:00 INFO  InformationExtractorJdbcDatabaseMetaDataImpl:365 - HHH000262: Table not found: Instrutor
2018-08-22 01:26:00 INFO  InformationExtractorJdbcDatabaseMetaDataImpl:365 - HHH000262: Table not found: Pessoa
2018-08-22 01:26:00 INFO  InformationExtractorJdbcDatabaseMetaDataImpl:365 - HHH000262: Table not found: tb_veiculo
2018-08-22 01:26:00 INFO  QueryTranslatorFactoryInitiator:47 - HHH000397: Using ASTQueryTranslatorFactory
